мая 31, 2018 3:06:01 PM com.nva.rbuilder.utils.Assets logPrint
INFO: ---------------------------
мая 31, 2018 3:06:01 PM com.nva.rbuilder.utils.Assets logPrint
INFO: Closing phantom...
мая 31, 2018 3:06:02 PM com.nva.rbuilder.utils.Assets logPrint
INFO: Done!
мая 31, 2018 3:06:39 PM com.nva.rbuilder.utils.Assets logPrint
INFO: Starting PhantomJS...
мая 31, 2018 3:06:41 PM com.nva.rbuilder.utils.Assets logPrint
INFO: Starting PhantomJS...Done!
мая 31, 2018 3:06:41 PM com.nva.rbuilder.utils.Assets logPrint
INFO: 

мая 31, 2018 3:06:41 PM com.nva.rbuilder.utils.Assets logPrint
INFO: Login to server...
мая 31, 2018 3:06:44 PM com.nva.rbuilder.utils.Assets logPrint
INFO: Authorisation Done!
мая 31, 2018 3:06:46 PM com.nva.rbuilder.utils.Assets logPrint
INFO: Get Bugs Data...
мая 31, 2018 3:06:46 PM com.nva.rbuilder.utils.Assets logPrint
INFO: Get Bugs Data...Done!
мая 31, 2018 3:06:46 PM com.nva.rbuilder.utils.Assets logPrint
INFO: 

мая 31, 2018 3:06:46 PM com.nva.rbuilder.utils.Assets logPrint
INFO: ---------------------------
мая 31, 2018 3:06:46 PM com.nva.rbuilder.utils.Assets logPrint
INFO: SilverCoins Report Building...
мая 31, 2018 3:06:46 PM com.nva.rbuilder.utils.Assets logPrint
INFO: ---------------------------
мая 31, 2018 3:06:46 PM com.nva.rbuilder.utils.Assets logPrint
INFO: Fonts Loading...
мая 31, 2018 3:06:46 PM com.nva.rbuilder.utils.Assets logPrint
INFO: Fonts Loading...Done!

мая 31, 2018 3:06:46 PM com.nva.rbuilder.utils.Assets logPrint
INFO: Create Table...
мая 31, 2018 3:06:46 PM com.nva.rbuilder.utils.Assets logPrint
INFO: Done!
мая 31, 2018 3:06:46 PM com.nva.rbuilder.utils.Assets logPrint
INFO: File writing...
мая 31, 2018 3:06:46 PM com.nva.rbuilder.utils.Assets logPrint
INFO: File writing...Done!
мая 31, 2018 3:06:46 PM com.nva.rbuilder.utils.Assets logPrint
INFO: 

мая 31, 2018 3:06:46 PM com.nva.rbuilder.utils.Assets logPrint
INFO: ---------------------------
мая 31, 2018 3:06:46 PM com.nva.rbuilder.utils.Assets logPrint
INFO: REPORT COMPLETE!
мая 31, 2018 3:06:46 PM com.nva.rbuilder.utils.Assets logPrint
INFO: ---------------------------
мая 31, 2018 3:06:46 PM com.nva.rbuilder.utils.Assets logPrint
INFO: Closing phantom...
мая 31, 2018 3:06:47 PM com.nva.rbuilder.utils.Assets logPrint
INFO: Done!
мая 31, 2018 3:09:52 PM com.nva.rbuilder.utils.Assets logPrint
INFO: Starting PhantomJS...
мая 31, 2018 3:09:55 PM com.nva.rbuilder.utils.Assets logPrint
INFO: Starting PhantomJS...Done!
мая 31, 2018 3:09:55 PM com.nva.rbuilder.utils.Assets logPrint
INFO: 

мая 31, 2018 3:09:55 PM com.nva.rbuilder.utils.Assets logPrint
INFO: Login to server...
мая 31, 2018 3:09:57 PM com.nva.rbuilder.utils.Assets logPrint
INFO: Authorisation Done!
мая 31, 2018 3:09:59 PM com.nva.rbuilder.utils.Assets logPrint
INFO: Get Bugs Data...
мая 31, 2018 3:09:59 PM com.nva.rbuilder.utils.Assets logPrint
INFO: Get Bugs Data...Done!
мая 31, 2018 3:09:59 PM com.nva.rbuilder.utils.Assets logPrint
INFO: 

мая 31, 2018 3:09:59 PM com.nva.rbuilder.utils.Assets logPrint
INFO: ---------------------------
мая 31, 2018 3:09:59 PM com.nva.rbuilder.utils.Assets logPrint
INFO: SilverCoins Report Building...
мая 31, 2018 3:09:59 PM com.nva.rbuilder.utils.Assets logPrint
INFO: ---------------------------
мая 31, 2018 3:09:59 PM com.nva.rbuilder.utils.Assets logPrint
INFO: Fonts Loading...
мая 31, 2018 3:09:59 PM com.nva.rbuilder.utils.Assets logPrint
INFO: Fonts Loading...Done!

мая 31, 2018 3:09:59 PM com.nva.rbuilder.utils.Assets logPrint
INFO: Create Table...
мая 31, 2018 3:09:59 PM com.nva.rbuilder.utils.Assets logPrint
INFO: Done!
мая 31, 2018 3:09:59 PM com.nva.rbuilder.utils.Assets logPrint
INFO: File writing...
мая 31, 2018 3:09:59 PM com.nva.rbuilder.utils.Assets logPrint
INFO: File writing...Done!
мая 31, 2018 3:09:59 PM com.nva.rbuilder.utils.Assets logPrint
INFO: 

мая 31, 2018 3:09:59 PM com.nva.rbuilder.utils.Assets logPrint
INFO: ---------------------------
мая 31, 2018 3:09:59 PM com.nva.rbuilder.utils.Assets logPrint
INFO: REPORT COMPLETE!
мая 31, 2018 3:09:59 PM com.nva.rbuilder.utils.Assets logPrint
INFO: ---------------------------
мая 31, 2018 3:09:59 PM com.nva.rbuilder.utils.Assets logPrint
INFO: Closing phantom...
мая 31, 2018 3:10:00 PM com.nva.rbuilder.utils.Assets logPrint
INFO: Done!
мая 31, 2018 3:12:21 PM com.nva.rbuilder.utils.Assets logPrint
INFO: Starting PhantomJS...
мая 31, 2018 3:12:23 PM com.nva.rbuilder.utils.Assets logPrint
INFO: Starting PhantomJS...Done!
мая 31, 2018 3:12:23 PM com.nva.rbuilder.utils.Assets logPrint
INFO: 

мая 31, 2018 3:12:23 PM com.nva.rbuilder.utils.Assets logPrint
INFO: Login to server...
мая 31, 2018 3:12:25 PM com.nva.rbuilder.utils.Assets logPrint
INFO: Authorisation Done!
мая 31, 2018 3:12:27 PM com.nva.rbuilder.utils.Assets logPrint
INFO: Get Bugs Data...
мая 31, 2018 3:12:28 PM com.nva.rbuilder.utils.Assets logPrint
INFO: Get Bugs Data...Done!
мая 31, 2018 3:12:28 PM com.nva.rbuilder.utils.Assets logPrint
INFO: 

мая 31, 2018 3:12:28 PM com.nva.rbuilder.utils.Assets logPrint
INFO: ---------------------------
мая 31, 2018 3:12:28 PM com.nva.rbuilder.utils.Assets logPrint
INFO: SilverCoins Report Building...
мая 31, 2018 3:12:28 PM com.nva.rbuilder.utils.Assets logPrint
INFO: ---------------------------
мая 31, 2018 3:12:28 PM com.nva.rbuilder.utils.Assets logPrint
INFO: Fonts Loading...
мая 31, 2018 3:12:28 PM com.nva.rbuilder.utils.Assets logPrint
INFO: Fonts Loading...Done!
мая 31, 2018 3:12:28 PM com.nva.rbuilder.utils.Assets logPrint
INFO: 

мая 31, 2018 3:12:28 PM com.nva.rbuilder.utils.Assets logPrint
INFO: Create Table...
мая 31, 2018 3:12:28 PM com.nva.rbuilder.utils.Assets logPrint
INFO: Done!
мая 31, 2018 3:12:28 PM com.nva.rbuilder.utils.Assets logPrint
INFO: File writing...
мая 31, 2018 3:12:28 PM com.nva.rbuilder.utils.Assets logPrint
INFO: File writing...Done!
мая 31, 2018 3:12:28 PM com.nva.rbuilder.utils.Assets logPrint
INFO: 

мая 31, 2018 3:12:28 PM com.nva.rbuilder.utils.Assets logPrint
INFO: ---------------------------
мая 31, 2018 3:12:28 PM com.nva.rbuilder.utils.Assets logPrint
INFO: REPORT COMPLETE!
мая 31, 2018 3:12:28 PM com.nva.rbuilder.utils.Assets logPrint
INFO: ---------------------------
мая 31, 2018 3:12:28 PM com.nva.rbuilder.utils.Assets logPrint
INFO: Closing phantom...
мая 31, 2018 3:12:29 PM com.nva.rbuilder.utils.Assets logPrint
INFO: Done!
мая 31, 2018 3:13:29 PM com.nva.rbuilder.utils.Assets logPrint
INFO: Starting PhantomJS...
мая 31, 2018 3:13:31 PM com.nva.rbuilder.utils.Assets logPrint
INFO: Starting PhantomJS...Done!
мая 31, 2018 3:13:31 PM com.nva.rbuilder.utils.Assets logPrint
INFO: 

мая 31, 2018 3:13:31 PM com.nva.rbuilder.utils.Assets logPrint
INFO: Login to server...
мая 31, 2018 3:13:34 PM com.nva.rbuilder.utils.Assets logPrint
INFO: Authorisation Done!
мая 31, 2018 3:13:36 PM com.nva.rbuilder.utils.Assets logPrint
INFO: Get Bugs Data...
мая 31, 2018 3:13:36 PM com.nva.rbuilder.utils.Assets logPrint
INFO: Get Bugs Data...Done!
мая 31, 2018 3:13:36 PM com.nva.rbuilder.utils.Assets logPrint
INFO: 

мая 31, 2018 3:13:36 PM com.nva.rbuilder.utils.Assets logPrint
INFO: ---------------------------
мая 31, 2018 3:13:36 PM com.nva.rbuilder.utils.Assets logPrint
INFO: SilverCoins Report Building...
мая 31, 2018 3:13:36 PM com.nva.rbuilder.utils.Assets logPrint
INFO: ---------------------------
мая 31, 2018 3:13:36 PM com.nva.rbuilder.utils.Assets logPrint
INFO: Fonts Loading...
мая 31, 2018 3:13:36 PM com.nva.rbuilder.utils.Assets logPrint
INFO: Fonts Loading...Done!
мая 31, 2018 3:13:36 PM com.nva.rbuilder.utils.Assets logPrint
INFO: 

мая 31, 2018 3:13:36 PM com.nva.rbuilder.utils.Assets logPrint
INFO: Create Table...
мая 31, 2018 3:13:36 PM com.nva.rbuilder.utils.Assets logPrint
INFO: Done!
мая 31, 2018 3:13:36 PM com.nva.rbuilder.utils.Assets logPrint
INFO: File writing...
мая 31, 2018 3:13:36 PM com.nva.rbuilder.utils.Assets logPrint
INFO: File writing...Done!
мая 31, 2018 3:13:36 PM com.nva.rbuilder.utils.Assets logPrint
INFO: 

мая 31, 2018 3:13:36 PM com.nva.rbuilder.utils.Assets logPrint
INFO: ---------------------------
мая 31, 2018 3:13:36 PM com.nva.rbuilder.utils.Assets logPrint
INFO: REPORT COMPLETE!
мая 31, 2018 3:13:36 PM com.nva.rbuilder.utils.Assets logPrint
INFO: ---------------------------
мая 31, 2018 3:13:36 PM com.nva.rbuilder.utils.Assets logPrint
INFO: Closing phantom...
мая 31, 2018 3:13:37 PM com.nva.rbuilder.utils.Assets logPrint
INFO: Done!
мая 31, 2018 3:13:41 PM com.nva.rbuilder.utils.Assets logPrint
INFO: Config Loading...
мая 31, 2018 3:13:41 PM com.nva.rbuilder.utils.Assets logPrint
INFO: Done!
мая 31, 2018 3:13:41 PM com.nva.rbuilder.utils.Assets logPrint
INFO: Starting PhantomJS...
мая 31, 2018 3:13:42 PM com.nva.rbuilder.utils.Assets logPrint
INFO: Starting PhantomJS...Done!
мая 31, 2018 3:13:42 PM com.nva.rbuilder.utils.Assets logPrint
INFO: 

мая 31, 2018 3:13:42 PM com.nva.rbuilder.utils.Assets logPrint
INFO: Login to server...
мая 31, 2018 3:13:44 PM com.nva.rbuilder.utils.Assets logPrint
INFO: Authorisation Done!
мая 31, 2018 3:13:46 PM com.nva.rbuilder.utils.Assets logPrint
INFO: Get Bugs Data...
мая 31, 2018 3:13:47 PM com.nva.rbuilder.utils.Assets logPrint
INFO: Get Bugs Data...Done!
мая 31, 2018 3:13:47 PM com.nva.rbuilder.utils.Assets logPrint
INFO: 

мая 31, 2018 3:13:47 PM com.nva.rbuilder.utils.Assets logPrint
INFO: ---------------------------
мая 31, 2018 3:13:47 PM com.nva.rbuilder.utils.Assets logPrint
INFO: SilverCoins Report Building...
мая 31, 2018 3:13:47 PM com.nva.rbuilder.utils.Assets logPrint
INFO: ---------------------------
мая 31, 2018 3:13:47 PM com.nva.rbuilder.utils.Assets logPrint
INFO: Fonts Loading...
мая 31, 2018 3:13:47 PM com.nva.rbuilder.utils.Assets logPrint
INFO: Fonts Loading...Done!
мая 31, 2018 3:13:47 PM com.nva.rbuilder.utils.Assets logPrint
INFO: 

мая 31, 2018 3:13:47 PM com.nva.rbuilder.utils.Assets logPrint
INFO: Create Table...
мая 31, 2018 3:13:47 PM com.nva.rbuilder.utils.Assets logPrint
INFO: Done!
мая 31, 2018 3:13:47 PM com.nva.rbuilder.utils.Assets logPrint
INFO: File writing...
мая 31, 2018 3:13:47 PM com.nva.rbuilder.utils.Assets logPrint
INFO: File writing...Done!
мая 31, 2018 3:13:47 PM com.nva.rbuilder.utils.Assets logPrint
INFO: 

мая 31, 2018 3:13:47 PM com.nva.rbuilder.utils.Assets logPrint
INFO: ---------------------------
мая 31, 2018 3:13:47 PM com.nva.rbuilder.utils.Assets logPrint
INFO: REPORT COMPLETE!
мая 31, 2018 3:13:47 PM com.nva.rbuilder.utils.Assets logPrint
INFO: ---------------------------
мая 31, 2018 3:13:47 PM com.nva.rbuilder.utils.Assets logPrint
INFO: Closing phantom...
мая 31, 2018 3:13:47 PM com.nva.rbuilder.utils.Assets logPrint
INFO: Done!
мая 31, 2018 3:13:49 PM com.nva.rbuilder.utils.Assets logPrint
INFO: Config Loading...
мая 31, 2018 3:13:49 PM com.nva.rbuilder.utils.Assets logPrint
INFO: Done!
мая 31, 2018 3:13:49 PM com.nva.rbuilder.utils.Assets logPrint
INFO: Starting PhantomJS...
мая 31, 2018 3:13:51 PM com.nva.rbuilder.utils.Assets logPrint
INFO: Starting PhantomJS...Done!
мая 31, 2018 3:13:51 PM com.nva.rbuilder.utils.Assets logPrint
INFO: 

мая 31, 2018 3:13:51 PM com.nva.rbuilder.utils.Assets logPrint
INFO: Login to server...
мая 31, 2018 3:13:53 PM com.nva.rbuilder.utils.Assets logPrint
INFO: Authorisation Done!
мая 31, 2018 3:13:55 PM com.nva.rbuilder.utils.Assets logPrint
INFO: Get Bugs Data...
мая 31, 2018 3:13:57 PM com.nva.rbuilder.utils.Assets logPrint
INFO: Get Bugs Data...[1/17]
мая 31, 2018 3:13:58 PM com.nva.rbuilder.utils.Assets logPrint
INFO: Get Bugs Data...[2/17]
мая 31, 2018 3:13:59 PM com.nva.rbuilder.utils.Assets logPrint
INFO: Get Bugs Data...[3/17]
мая 31, 2018 3:14:00 PM com.nva.rbuilder.utils.Assets logPrint
INFO: Get Bugs Data...[4/17]
мая 31, 2018 3:14:01 PM com.nva.rbuilder.utils.Assets logPrint
INFO: Get Bugs Data...[5/17]
мая 31, 2018 3:14:02 PM com.nva.rbuilder.utils.Assets logPrint
INFO: Get Bugs Data...[6/17]
мая 31, 2018 3:14:03 PM com.nva.rbuilder.utils.Assets logPrint
INFO: Get Bugs Data...[7/17]
мая 31, 2018 3:14:04 PM com.nva.rbuilder.utils.Assets logPrint
INFO: Get Bugs Data...[8/17]
мая 31, 2018 3:14:06 PM com.nva.rbuilder.utils.Assets logPrint
INFO: Get Bugs Data...[9/17]
мая 31, 2018 3:14:07 PM com.nva.rbuilder.utils.Assets logPrint
INFO: Get Bugs Data...[10/17]
мая 31, 2018 3:14:08 PM com.nva.rbuilder.utils.Assets logPrint
INFO: Get Bugs Data...[11/17]
мая 31, 2018 3:14:09 PM com.nva.rbuilder.utils.Assets logPrint
INFO: Get Bugs Data...[12/17]
мая 31, 2018 3:14:10 PM com.nva.rbuilder.utils.Assets logPrint
INFO: Get Bugs Data...[13/17]
мая 31, 2018 3:14:11 PM com.nva.rbuilder.utils.Assets logPrint
INFO: Get Bugs Data...[14/17]
мая 31, 2018 3:14:12 PM com.nva.rbuilder.utils.Assets logPrint
INFO: Get Bugs Data...[15/17]
мая 31, 2018 3:14:13 PM com.nva.rbuilder.utils.Assets logPrint
INFO: Get Bugs Data...[16/17]
мая 31, 2018 3:14:14 PM com.nva.rbuilder.utils.Assets logPrint
INFO: Get Bugs Data...[17/17]
мая 31, 2018 3:14:16 PM com.nva.rbuilder.utils.Assets logPrint
INFO: Get Bugs Data...Done!
мая 31, 2018 3:14:16 PM com.nva.rbuilder.utils.Assets logPrint
INFO: 

мая 31, 2018 3:14:16 PM com.nva.rbuilder.utils.Assets logPrint
INFO: ---------------------------
мая 31, 2018 3:14:16 PM com.nva.rbuilder.utils.Assets logPrint
INFO: GOX QueenCleopatra Report Building...
мая 31, 2018 3:14:16 PM com.nva.rbuilder.utils.Assets logPrint
INFO: ---------------------------
мая 31, 2018 3:14:16 PM com.nva.rbuilder.utils.Assets logPrint
INFO: Fonts Loading...
мая 31, 2018 3:14:16 PM com.nva.rbuilder.utils.Assets logPrint
INFO: Fonts Loading...Done!
мая 31, 2018 3:14:16 PM com.nva.rbuilder.utils.Assets logPrint
INFO: 

мая 31, 2018 3:14:16 PM com.nva.rbuilder.utils.Assets logPrint
INFO: Create Table...
мая 31, 2018 3:14:16 PM com.nva.rbuilder.utils.Assets logPrint
INFO: Done!
мая 31, 2018 3:14:16 PM com.nva.rbuilder.utils.Assets logPrint
INFO: File writing...
мая 31, 2018 3:14:16 PM com.nva.rbuilder.utils.Assets logPrint
INFO: File writing...Done!
мая 31, 2018 3:14:16 PM com.nva.rbuilder.utils.Assets logPrint
INFO: 

мая 31, 2018 3:14:16 PM com.nva.rbuilder.utils.Assets logPrint
INFO: ---------------------------
мая 31, 2018 3:14:16 PM com.nva.rbuilder.utils.Assets logPrint
INFO: REPORT COMPLETE!
мая 31, 2018 3:14:16 PM com.nva.rbuilder.utils.Assets logPrint
INFO: ---------------------------
мая 31, 2018 3:14:16 PM com.nva.rbuilder.utils.Assets logPrint
INFO: Closing phantom...
мая 31, 2018 3:14:16 PM com.nva.rbuilder.utils.Assets logPrint
INFO: Done!
мая 31, 2018 3:43:11 PM com.nva.rbuilder.utils.Assets logPrint
INFO: Starting PhantomJS...
мая 31, 2018 3:43:13 PM com.nva.rbuilder.utils.Assets logPrint
INFO: Starting PhantomJS...Done!
мая 31, 2018 3:43:13 PM com.nva.rbuilder.utils.Assets logPrint
INFO: 

мая 31, 2018 3:43:13 PM com.nva.rbuilder.utils.Assets logPrint
INFO: Login to server...
мая 31, 2018 3:43:16 PM com.nva.rbuilder.utils.Assets logPrint
INFO: Authorisation Done!
мая 31, 2018 3:43:18 PM com.nva.rbuilder.utils.Assets logPrint
INFO: Get Bugs Data...
мая 31, 2018 3:43:18 PM com.nva.rbuilder.utils.Assets logPrint
INFO: Get Bugs Data...Done!
мая 31, 2018 3:43:18 PM com.nva.rbuilder.utils.Assets logPrint
INFO: 

мая 31, 2018 3:43:18 PM com.nva.rbuilder.utils.Assets logPrint
INFO: ---------------------------
мая 31, 2018 3:43:18 PM com.nva.rbuilder.utils.Assets logPrint
INFO: SilverCoins Report Building...
мая 31, 2018 3:43:18 PM com.nva.rbuilder.utils.Assets logPrint
INFO: ---------------------------
мая 31, 2018 3:43:18 PM com.nva.rbuilder.utils.Assets logPrint
INFO: Fonts Loading...
мая 31, 2018 3:43:18 PM com.nva.rbuilder.utils.Assets logPrint
INFO: Fonts Loading...Done!
мая 31, 2018 3:43:18 PM com.nva.rbuilder.utils.Assets logPrint
INFO: 

мая 31, 2018 3:43:18 PM com.nva.rbuilder.utils.Assets logPrint
INFO: Create Table...
мая 31, 2018 3:43:19 PM com.nva.rbuilder.utils.Assets logPrint
INFO: Done!
мая 31, 2018 3:43:19 PM com.nva.rbuilder.utils.Assets logPrint
INFO: File writing...
мая 31, 2018 3:43:19 PM com.nva.rbuilder.utils.Assets logPrint
INFO: File writing...Done!
мая 31, 2018 3:43:19 PM com.nva.rbuilder.utils.Assets logPrint
INFO: 

мая 31, 2018 3:43:19 PM com.nva.rbuilder.utils.Assets logPrint
INFO: ---------------------------
мая 31, 2018 3:43:19 PM com.nva.rbuilder.utils.Assets logPrint
INFO: REPORT COMPLETE!
мая 31, 2018 3:43:19 PM com.nva.rbuilder.utils.Assets logPrint
INFO: ---------------------------
мая 31, 2018 3:43:19 PM com.nva.rbuilder.utils.Assets logPrint
INFO: Closing phantom...
мая 31, 2018 3:43:19 PM com.nva.rbuilder.utils.Assets logPrint
INFO: Done!
июн 01, 2018 12:54:14 PM com.nva.rbuilder.utils.Assets logPrint
INFO: Starting PhantomJS...
июн 01, 2018 12:54:18 PM com.nva.rbuilder.utils.Assets logPrint
INFO: Starting PhantomJS...Done!
июн 01, 2018 12:54:18 PM com.nva.rbuilder.utils.Assets logPrint
INFO: 

июн 01, 2018 12:54:18 PM com.nva.rbuilder.utils.Assets logPrint
INFO: Login to server...
июн 01, 2018 12:54:22 PM com.nva.rbuilder.utils.Assets logPrint
INFO: Authorisation Done!
июн 01, 2018 12:54:24 PM com.nva.rbuilder.utils.Assets logPrint
INFO: Get Bugs Data...
июн 01, 2018 12:54:24 PM com.nva.rbuilder.utils.Assets logPrint
INFO: Get Bugs Data...Done!
июн 01, 2018 12:54:24 PM com.nva.rbuilder.utils.Assets logPrint
INFO: 

июн 01, 2018 12:54:25 PM com.nva.rbuilder.utils.Assets logPrint
INFO: ---------------------------
июн 01, 2018 12:54:25 PM com.nva.rbuilder.utils.Assets logPrint
INFO: SilverCoins Report Building...
июн 01, 2018 12:54:25 PM com.nva.rbuilder.utils.Assets logPrint
INFO: ---------------------------
июн 01, 2018 12:54:25 PM com.nva.rbuilder.utils.Assets logPrint
INFO: Fonts Loading...
июн 01, 2018 12:54:25 PM com.nva.rbuilder.utils.Assets logPrint
INFO: Fonts Loading...Done!
июн 01, 2018 12:54:25 PM com.nva.rbuilder.utils.Assets logPrint
INFO: 

июн 01, 2018 12:54:25 PM com.nva.rbuilder.utils.Assets logPrint
INFO: Create Table...
июн 01, 2018 12:54:25 PM com.nva.rbuilder.utils.Assets logPrint
INFO: Done!
июн 01, 2018 12:54:25 PM com.nva.rbuilder.utils.Assets logPrint
INFO: File writing...
июн 01, 2018 12:54:25 PM com.nva.rbuilder.utils.Assets logPrint
INFO: File writing...Done!
июн 01, 2018 12:54:25 PM com.nva.rbuilder.utils.Assets logPrint
INFO: 

июн 01, 2018 12:54:25 PM com.nva.rbuilder.utils.Assets logPrint
INFO: ---------------------------
июн 01, 2018 12:54:25 PM com.nva.rbuilder.utils.Assets logPrint
INFO: REPORT COMPLETE!
июн 01, 2018 12:54:25 PM com.nva.rbuilder.utils.Assets logPrint
INFO: ---------------------------
июн 01, 2018 12:54:25 PM com.nva.rbuilder.utils.Assets logPrint
INFO: Closing phantom...
июн 01, 2018 12:54:26 PM com.nva.rbuilder.utils.Assets logPrint
INFO: Done!
июн 01, 2018 12:54:31 PM com.nva.rbuilder.utils.Assets logPrint
INFO: Config Loading...
июн 01, 2018 12:54:31 PM com.nva.rbuilder.utils.Assets logPrint
INFO: Done!
июн 01, 2018 12:54:31 PM com.nva.rbuilder.utils.Assets logPrint
INFO: Starting PhantomJS...
июн 01, 2018 12:54:33 PM com.nva.rbuilder.utils.Assets logPrint
INFO: Starting PhantomJS...Done!
июн 01, 2018 12:54:33 PM com.nva.rbuilder.utils.Assets logPrint
INFO: 

июн 01, 2018 12:54:33 PM com.nva.rbuilder.utils.Assets logPrint
INFO: Login to server...
июн 01, 2018 12:54:35 PM com.nva.rbuilder.utils.Assets logPrint
INFO: Authorisation Done!
июн 01, 2018 12:54:37 PM com.nva.rbuilder.utils.Assets logPrint
INFO: Get Bugs Data...
июн 01, 2018 12:54:37 PM com.nva.rbuilder.utils.Assets logPrint
INFO: Get Bugs Data...Done!
июн 01, 2018 12:54:37 PM com.nva.rbuilder.utils.Assets logPrint
INFO: 

июн 01, 2018 12:54:37 PM com.nva.rbuilder.utils.Assets logPrint
INFO: ---------------------------
июн 01, 2018 12:54:37 PM com.nva.rbuilder.utils.Assets logPrint
INFO: SilverCoins Report Building...
июн 01, 2018 12:54:37 PM com.nva.rbuilder.utils.Assets logPrint
INFO: ---------------------------
июн 01, 2018 12:54:37 PM com.nva.rbuilder.utils.Assets logPrint
INFO: Fonts Loading...
июн 01, 2018 12:54:37 PM com.nva.rbuilder.utils.Assets logPrint
INFO: Fonts Loading...Done!
июн 01, 2018 12:54:37 PM com.nva.rbuilder.utils.Assets logPrint
INFO: 

июн 01, 2018 12:54:37 PM com.nva.rbuilder.utils.Assets logPrint
INFO: Create Table...
июн 01, 2018 12:54:37 PM com.nva.rbuilder.utils.Assets logPrint
INFO: Done!
июн 01, 2018 12:54:37 PM com.nva.rbuilder.utils.Assets logPrint
INFO: File writing...
июн 01, 2018 12:54:37 PM com.nva.rbuilder.utils.Assets logPrint
INFO: File writing...Done!
июн 01, 2018 12:54:37 PM com.nva.rbuilder.utils.Assets logPrint
INFO: 

июн 01, 2018 12:54:37 PM com.nva.rbuilder.utils.Assets logPrint
INFO: ---------------------------
июн 01, 2018 12:54:37 PM com.nva.rbuilder.utils.Assets logPrint
INFO: REPORT COMPLETE!
июн 01, 2018 12:54:37 PM com.nva.rbuilder.utils.Assets logPrint
INFO: ---------------------------
июн 01, 2018 12:54:37 PM com.nva.rbuilder.utils.Assets logPrint
INFO: Closing phantom...
июн 01, 2018 12:54:38 PM com.nva.rbuilder.utils.Assets logPrint
INFO: Done!
июн 01, 2018 12:54:44 PM com.nva.rbuilder.utils.Assets logPrint
INFO: Config Loading...
июн 01, 2018 12:54:44 PM com.nva.rbuilder.utils.Assets logPrint
INFO: Done!
июн 01, 2018 12:54:44 PM com.nva.rbuilder.utils.Assets logPrint
INFO: Starting PhantomJS...
июн 01, 2018 12:54:45 PM com.nva.rbuilder.utils.Assets logPrint
INFO: Starting PhantomJS...Done!
июн 01, 2018 12:54:45 PM com.nva.rbuilder.utils.Assets logPrint
INFO: 

июн 01, 2018 12:54:45 PM com.nva.rbuilder.utils.Assets logPrint
INFO: Login to server...
июн 01, 2018 12:54:48 PM com.nva.rbuilder.utils.Assets logPrint
INFO: Authorisation Done!
июн 01, 2018 12:54:50 PM com.nva.rbuilder.utils.Assets logPrint
INFO: Get Bugs Data...
июн 01, 2018 12:54:50 PM com.nva.rbuilder.utils.Assets logPrint
INFO: Get Bugs Data...Done!
июн 01, 2018 12:54:50 PM com.nva.rbuilder.utils.Assets logPrint
INFO: 

июн 01, 2018 12:54:50 PM com.nva.rbuilder.utils.Assets logPrint
INFO: ---------------------------
июн 01, 2018 12:54:50 PM com.nva.rbuilder.utils.Assets logPrint
INFO: SilverCoins Report Building...
июн 01, 2018 12:54:50 PM com.nva.rbuilder.utils.Assets logPrint
INFO: ---------------------------
июн 01, 2018 12:54:50 PM com.nva.rbuilder.utils.Assets logPrint
INFO: Fonts Loading...
июн 01, 2018 12:54:50 PM com.nva.rbuilder.utils.Assets logPrint
INFO: Fonts Loading...Done!
июн 01, 2018 12:54:50 PM com.nva.rbuilder.utils.Assets logPrint
INFO: 

июн 01, 2018 12:54:50 PM com.nva.rbuilder.utils.Assets logPrint
INFO: Create Table...
июн 01, 2018 12:54:50 PM com.nva.rbuilder.utils.Assets logPrint
INFO: Done!
июн 01, 2018 12:54:50 PM com.nva.rbuilder.utils.Assets logPrint
INFO: File writing...
июн 01, 2018 12:54:50 PM com.nva.rbuilder.utils.Assets logPrint
INFO: File writing...Done!
июн 01, 2018 12:54:50 PM com.nva.rbuilder.utils.Assets logPrint
INFO: 

июн 01, 2018 12:54:50 PM com.nva.rbuilder.utils.Assets logPrint
INFO: ---------------------------
июн 01, 2018 12:54:50 PM com.nva.rbuilder.utils.Assets logPrint
INFO: REPORT COMPLETE!
июн 01, 2018 12:54:50 PM com.nva.rbuilder.utils.Assets logPrint
INFO: ---------------------------
июн 01, 2018 12:54:50 PM com.nva.rbuilder.utils.Assets logPrint
INFO: Closing phantom...
июн 01, 2018 12:54:51 PM com.nva.rbuilder.utils.Assets logPrint
INFO: Done!
июн 01, 2018 12:54:55 PM com.nva.rbuilder.utils.Assets logPrint
INFO: Config Loading...
июн 01, 2018 12:54:55 PM com.nva.rbuilder.utils.Assets logPrint
INFO: Done!
июн 01, 2018 12:54:55 PM com.nva.rbuilder.utils.Assets logPrint
INFO: Starting PhantomJS...
июн 01, 2018 12:54:57 PM com.nva.rbuilder.utils.Assets logPrint
INFO: Starting PhantomJS...Done!
июн 01, 2018 12:54:57 PM com.nva.rbuilder.utils.Assets logPrint
INFO: 

июн 01, 2018 12:54:57 PM com.nva.rbuilder.utils.Assets logPrint
INFO: Login to server...
июн 01, 2018 12:54:59 PM com.nva.rbuilder.utils.Assets logPrint
INFO: Authorisation Done!
июн 01, 2018 12:55:01 PM com.nva.rbuilder.utils.Assets logPrint
INFO: Get Bugs Data...
июн 01, 2018 12:55:03 PM com.nva.rbuilder.utils.Assets logPrint
INFO: Get Bugs Data...[1/17]
июн 01, 2018 12:55:04 PM com.nva.rbuilder.utils.Assets logPrint
INFO: Get Bugs Data...[2/17]
июн 01, 2018 12:55:05 PM com.nva.rbuilder.utils.Assets logPrint
INFO: Get Bugs Data...[3/17]
июн 01, 2018 12:55:07 PM com.nva.rbuilder.utils.Assets logPrint
INFO: Get Bugs Data...[4/17]
июн 01, 2018 12:55:08 PM com.nva.rbuilder.utils.Assets logPrint
INFO: Get Bugs Data...[5/17]
июн 01, 2018 12:55:09 PM com.nva.rbuilder.utils.Assets logPrint
INFO: Get Bugs Data...[6/17]
июн 01, 2018 12:55:10 PM com.nva.rbuilder.utils.Assets logPrint
INFO: Get Bugs Data...[7/17]
июн 01, 2018 12:55:11 PM com.nva.rbuilder.utils.Assets logPrint
INFO: Get Bugs Data...[8/17]
июн 01, 2018 12:55:13 PM com.nva.rbuilder.utils.Assets logPrint
INFO: Get Bugs Data...[9/17]
июн 01, 2018 12:55:14 PM com.nva.rbuilder.utils.Assets logPrint
INFO: Get Bugs Data...[10/17]
июн 01, 2018 12:55:15 PM com.nva.rbuilder.utils.Assets logPrint
INFO: Get Bugs Data...[11/17]
июн 01, 2018 12:55:16 PM com.nva.rbuilder.utils.Assets logPrint
INFO: Get Bugs Data...[12/17]
июн 01, 2018 12:55:18 PM com.nva.rbuilder.utils.Assets logPrint
INFO: Get Bugs Data...[13/17]
июн 01, 2018 12:55:19 PM com.nva.rbuilder.utils.Assets logPrint
INFO: Get Bugs Data...[14/17]
июн 01, 2018 12:55:20 PM com.nva.rbuilder.utils.Assets logPrint
INFO: Get Bugs Data...[15/17]
июн 01, 2018 12:55:21 PM com.nva.rbuilder.utils.Assets logPrint
INFO: Get Bugs Data...[16/17]
июн 01, 2018 12:55:22 PM com.nva.rbuilder.utils.Assets logPrint
INFO: Get Bugs Data...[17/17]
июн 01, 2018 12:55:23 PM com.nva.rbuilder.utils.Assets logPrint
INFO: Get Bugs Data...Done!
июн 01, 2018 12:55:23 PM com.nva.rbuilder.utils.Assets logPrint
INFO: 

июн 01, 2018 12:55:23 PM com.nva.rbuilder.utils.Assets logPrint
INFO: ---------------------------
июн 01, 2018 12:55:23 PM com.nva.rbuilder.utils.Assets logPrint
INFO: GOX QueenCleopatra Report Building...
июн 01, 2018 12:55:23 PM com.nva.rbuilder.utils.Assets logPrint
INFO: ---------------------------
июн 01, 2018 12:55:23 PM com.nva.rbuilder.utils.Assets logPrint
INFO: Fonts Loading...
июн 01, 2018 12:55:23 PM com.nva.rbuilder.utils.Assets logPrint
INFO: Fonts Loading...Done!
июн 01, 2018 12:55:23 PM com.nva.rbuilder.utils.Assets logPrint
INFO: 

июн 01, 2018 12:55:23 PM com.nva.rbuilder.utils.Assets logPrint
INFO: Create Table...
июн 01, 2018 12:55:23 PM com.nva.rbuilder.utils.Assets logPrint
INFO: Done!
июн 01, 2018 12:55:23 PM com.nva.rbuilder.utils.Assets logPrint
INFO: File writing...
июн 01, 2018 12:55:24 PM com.nva.rbuilder.utils.Assets logPrint
INFO: File writing...Done!
июн 01, 2018 12:55:24 PM com.nva.rbuilder.utils.Assets logPrint
INFO: 

июн 01, 2018 12:55:24 PM com.nva.rbuilder.utils.Assets logPrint
INFO: ---------------------------
июн 01, 2018 12:55:24 PM com.nva.rbuilder.utils.Assets logPrint
INFO: REPORT COMPLETE!
июн 01, 2018 12:55:24 PM com.nva.rbuilder.utils.Assets logPrint
INFO: ---------------------------
июн 01, 2018 12:55:24 PM com.nva.rbuilder.utils.Assets logPrint
INFO: Closing phantom...
июн 01, 2018 12:55:24 PM com.nva.rbuilder.utils.Assets logPrint
INFO: Done!
июн 01, 2018 12:55:43 PM com.nva.rbuilder.utils.Assets logPrint
INFO: Config Loading...
июн 01, 2018 12:55:43 PM com.nva.rbuilder.utils.Assets logPrint
INFO: Done!
июн 01, 2018 12:55:43 PM com.nva.rbuilder.utils.Assets logPrint
INFO: Starting PhantomJS...
июн 01, 2018 12:55:45 PM com.nva.rbuilder.utils.Assets logPrint
INFO: Starting PhantomJS...Done!
июн 01, 2018 12:55:45 PM com.nva.rbuilder.utils.Assets logPrint
INFO: 

июн 01, 2018 12:55:45 PM com.nva.rbuilder.utils.Assets logPrint
INFO: Login to server...
июн 01, 2018 12:55:47 PM com.nva.rbuilder.utils.Assets logPrint
INFO: Authorisation Done!
июн 01, 2018 12:55:49 PM com.nva.rbuilder.utils.Assets logPrint
INFO: Get Bugs Data...
июн 01, 2018 12:55:50 PM com.nva.rbuilder.utils.Assets logPrint
INFO: Get Bugs Data...Done!
июн 01, 2018 12:55:50 PM com.nva.rbuilder.utils.Assets logPrint
INFO: 

июн 01, 2018 12:55:50 PM com.nva.rbuilder.utils.Assets logPrint
INFO: ---------------------------
июн 01, 2018 12:55:50 PM com.nva.rbuilder.utils.Assets logPrint
INFO: SilverCoins Report Building...
июн 01, 2018 12:55:50 PM com.nva.rbuilder.utils.Assets logPrint
INFO: ---------------------------
июн 01, 2018 12:55:50 PM com.nva.rbuilder.utils.Assets logPrint
INFO: Fonts Loading...
июн 01, 2018 12:55:50 PM com.nva.rbuilder.utils.Assets logPrint
INFO: Fonts Loading...Done!
июн 01, 2018 12:55:50 PM com.nva.rbuilder.utils.Assets logPrint
INFO: 

июн 01, 2018 12:55:50 PM com.nva.rbuilder.utils.Assets logPrint
INFO: Create Table...
июн 01, 2018 12:55:50 PM com.nva.rbuilder.utils.Assets logPrint
INFO: Done!
июн 01, 2018 12:55:50 PM com.nva.rbuilder.utils.Assets logPrint
INFO: File writing...
июн 01, 2018 12:55:50 PM com.nva.rbuilder.utils.Assets logPrint
INFO: File writing...Done!
июн 01, 2018 12:55:50 PM com.nva.rbuilder.utils.Assets logPrint
INFO: 

июн 01, 2018 12:55:50 PM com.nva.rbuilder.utils.Assets logPrint
INFO: ---------------------------
июн 01, 2018 12:55:50 PM com.nva.rbuilder.utils.Assets logPrint
INFO: REPORT COMPLETE!
июн 01, 2018 12:55:50 PM com.nva.rbuilder.utils.Assets logPrint
INFO: ---------------------------
июн 01, 2018 12:55:50 PM com.nva.rbuilder.utils.Assets logPrint
INFO: Closing phantom...
июн 01, 2018 12:55:50 PM com.nva.rbuilder.utils.Assets logPrint
INFO: Done!
июн 01, 2018 1:00:01 PM com.nva.rbuilder.utils.Assets logPrint
INFO: Starting PhantomJS...
июн 01, 2018 1:00:04 PM com.nva.rbuilder.utils.Assets logPrint
INFO: Starting PhantomJS...Done!
июн 01, 2018 1:00:04 PM com.nva.rbuilder.utils.Assets logPrint
INFO: 

июн 01, 2018 1:00:04 PM com.nva.rbuilder.utils.Assets logPrint
INFO: Login to server...
июн 01, 2018 1:00:07 PM com.nva.rbuilder.utils.Assets logPrint
INFO: Authorisation Done!
июн 01, 2018 1:00:09 PM com.nva.rbuilder.utils.Assets logPrint
INFO: Get Bugs Data...
июн 01, 2018 1:00:11 PM com.nva.rbuilder.utils.Assets logPrint
INFO: Get Bugs Data...[1/17]
июн 01, 2018 1:00:12 PM com.nva.rbuilder.utils.Assets logPrint
INFO: Get Bugs Data...[2/17]
июн 01, 2018 1:00:13 PM com.nva.rbuilder.utils.Assets logPrint
INFO: Get Bugs Data...[3/17]
июн 01, 2018 1:00:14 PM com.nva.rbuilder.utils.Assets logPrint
INFO: Get Bugs Data...[4/17]
июн 01, 2018 1:00:15 PM com.nva.rbuilder.utils.Assets logPrint
INFO: Get Bugs Data...[5/17]
июн 01, 2018 1:00:16 PM com.nva.rbuilder.utils.Assets logPrint
INFO: Get Bugs Data...[6/17]
июн 01, 2018 1:00:17 PM com.nva.rbuilder.utils.Assets logPrint
INFO: Get Bugs Data...[7/17]
июн 01, 2018 1:00:19 PM com.nva.rbuilder.utils.Assets logPrint
INFO: Get Bugs Data...[8/17]
июн 01, 2018 1:00:20 PM com.nva.rbuilder.utils.Assets logPrint
INFO: Get Bugs Data...[9/17]
июн 01, 2018 1:00:21 PM com.nva.rbuilder.utils.Assets logPrint
INFO: Get Bugs Data...[10/17]
июн 01, 2018 1:00:22 PM com.nva.rbuilder.utils.Assets logPrint
INFO: Get Bugs Data...[11/17]
июн 01, 2018 1:00:23 PM com.nva.rbuilder.utils.Assets logPrint
INFO: Get Bugs Data...[12/17]
июн 01, 2018 1:00:25 PM com.nva.rbuilder.utils.Assets logPrint
INFO: Get Bugs Data...[13/17]
июн 01, 2018 1:00:26 PM com.nva.rbuilder.utils.Assets logPrint
INFO: Get Bugs Data...[14/17]
июн 01, 2018 1:00:27 PM com.nva.rbuilder.utils.Assets logPrint
INFO: Get Bugs Data...[15/17]
июн 01, 2018 1:00:28 PM com.nva.rbuilder.utils.Assets logPrint
INFO: Get Bugs Data...[16/17]
июн 01, 2018 1:00:29 PM com.nva.rbuilder.utils.Assets logPrint
INFO: Get Bugs Data...[17/17]
июн 01, 2018 1:00:30 PM com.nva.rbuilder.utils.Assets logPrint
INFO: Get Bugs Data...Done!
июн 01, 2018 1:00:30 PM com.nva.rbuilder.utils.Assets logPrint
INFO: 

июн 01, 2018 1:00:30 PM com.nva.rbuilder.utils.Assets logPrint
INFO: ---------------------------
июн 01, 2018 1:00:30 PM com.nva.rbuilder.utils.Assets logPrint
INFO: GOX QueenCleopatra Report Building...
июн 01, 2018 1:00:30 PM com.nva.rbuilder.utils.Assets logPrint
INFO: ---------------------------
июн 01, 2018 1:00:30 PM com.nva.rbuilder.utils.Assets logPrint
INFO: Fonts Loading...
июн 01, 2018 1:00:30 PM com.nva.rbuilder.utils.Assets logPrint
INFO: Fonts Loading...Done!
июн 01, 2018 1:00:30 PM com.nva.rbuilder.utils.Assets logPrint
INFO: 

июн 01, 2018 1:00:31 PM com.nva.rbuilder.utils.Assets logPrint
INFO: Create Table...
июн 01, 2018 1:00:31 PM com.nva.rbuilder.utils.Assets logPrint
INFO: Done!
июн 01, 2018 1:00:31 PM com.nva.rbuilder.utils.Assets logPrint
INFO: File writing...
июн 01, 2018 1:00:31 PM com.nva.rbuilder.utils.Assets logPrint
INFO: File writing...Done!
июн 01, 2018 1:00:31 PM com.nva.rbuilder.utils.Assets logPrint
INFO: 

июн 01, 2018 1:00:31 PM com.nva.rbuilder.utils.Assets logPrint
INFO: ---------------------------
июн 01, 2018 1:00:31 PM com.nva.rbuilder.utils.Assets logPrint
INFO: REPORT COMPLETE!
июн 01, 2018 1:00:31 PM com.nva.rbuilder.utils.Assets logPrint
INFO: ---------------------------
июн 01, 2018 1:00:31 PM com.nva.rbuilder.utils.Assets logPrint
INFO: Closing phantom...
июн 01, 2018 1:00:31 PM com.nva.rbuilder.utils.Assets logPrint
INFO: Done!
июн 01, 2018 1:00:35 PM com.nva.rbuilder.utils.Assets logPrint
INFO: Config Loading...
июн 01, 2018 1:00:35 PM com.nva.rbuilder.utils.Assets logPrint
INFO: Done!
июн 01, 2018 1:00:35 PM com.nva.rbuilder.utils.Assets logPrint
INFO: Starting PhantomJS...
июн 01, 2018 1:00:37 PM com.nva.rbuilder.utils.Assets logPrint
INFO: Starting PhantomJS...Done!
июн 01, 2018 1:00:37 PM com.nva.rbuilder.utils.Assets logPrint
INFO: 

июн 01, 2018 1:00:37 PM com.nva.rbuilder.utils.Assets logPrint
INFO: Login to server...
июн 01, 2018 1:00:39 PM com.nva.rbuilder.utils.Assets logPrint
INFO: Authorisation Done!
июн 01, 2018 1:00:41 PM com.nva.rbuilder.utils.Assets logPrint
INFO: Get Bugs Data...
июн 01, 2018 1:00:42 PM com.nva.rbuilder.utils.Assets logPrint
INFO: Get Bugs Data...Done!
июн 01, 2018 1:00:42 PM com.nva.rbuilder.utils.Assets logPrint
INFO: 

июн 01, 2018 1:00:42 PM com.nva.rbuilder.utils.Assets logPrint
INFO: ---------------------------
июн 01, 2018 1:00:42 PM com.nva.rbuilder.utils.Assets logPrint
INFO: SilverCoins Report Building...
июн 01, 2018 1:00:42 PM com.nva.rbuilder.utils.Assets logPrint
INFO: ---------------------------
июн 01, 2018 1:00:42 PM com.nva.rbuilder.utils.Assets logPrint
INFO: Fonts Loading...
июн 01, 2018 1:00:42 PM com.nva.rbuilder.utils.Assets logPrint
INFO: Fonts Loading...Done!
июн 01, 2018 1:00:42 PM com.nva.rbuilder.utils.Assets logPrint
INFO: 

июн 01, 2018 1:00:42 PM com.nva.rbuilder.utils.Assets logPrint
INFO: Create Table...
июн 01, 2018 1:00:42 PM com.nva.rbuilder.utils.Assets logPrint
INFO: Done!
июн 01, 2018 1:00:42 PM com.nva.rbuilder.utils.Assets logPrint
INFO: File writing...
июн 01, 2018 1:00:42 PM com.nva.rbuilder.utils.Assets logPrint
INFO: File writing...Done!
июн 01, 2018 1:00:42 PM com.nva.rbuilder.utils.Assets logPrint
INFO: 

июн 01, 2018 1:00:42 PM com.nva.rbuilder.utils.Assets logPrint
INFO: ---------------------------
июн 01, 2018 1:00:42 PM com.nva.rbuilder.utils.Assets logPrint
INFO: REPORT COMPLETE!
июн 01, 2018 1:00:42 PM com.nva.rbuilder.utils.Assets logPrint
INFO: ---------------------------
июн 01, 2018 1:00:42 PM com.nva.rbuilder.utils.Assets logPrint
INFO: Closing phantom...
июн 01, 2018 1:00:42 PM com.nva.rbuilder.utils.Assets logPrint
INFO: Done!
июн 01, 2018 1:00:45 PM com.nva.rbuilder.utils.Assets logPrint
INFO: Config Loading...
июн 01, 2018 1:00:45 PM com.nva.rbuilder.utils.Assets logPrint
INFO: Done!
июн 01, 2018 1:00:45 PM com.nva.rbuilder.utils.Assets logPrint
INFO: Starting PhantomJS...
июн 01, 2018 1:00:46 PM com.nva.rbuilder.utils.Assets logPrint
INFO: Starting PhantomJS...Done!
июн 01, 2018 1:00:47 PM com.nva.rbuilder.utils.Assets logPrint
INFO: 

июн 01, 2018 1:00:47 PM com.nva.rbuilder.utils.Assets logPrint
INFO: Login to server...
июн 01, 2018 1:00:49 PM com.nva.rbuilder.utils.Assets logPrint
INFO: Authorisation Done!
июн 01, 2018 1:00:51 PM com.nva.rbuilder.utils.Assets logPrint
INFO: Get Bugs Data...
июн 01, 2018 1:00:53 PM com.nva.rbuilder.utils.Assets logPrint
INFO: Get Bugs Data...[1/17]
июн 01, 2018 1:00:54 PM com.nva.rbuilder.utils.Assets logPrint
INFO: Get Bugs Data...[2/17]
июн 01, 2018 1:00:55 PM com.nva.rbuilder.utils.Assets logPrint
INFO: Get Bugs Data...[3/17]
июн 01, 2018 1:00:56 PM com.nva.rbuilder.utils.Assets logPrint
INFO: Get Bugs Data...[4/17]
июн 01, 2018 1:00:57 PM com.nva.rbuilder.utils.Assets logPrint
INFO: Get Bugs Data...[5/17]
июн 01, 2018 1:00:58 PM com.nva.rbuilder.utils.Assets logPrint
INFO: Get Bugs Data...[6/17]
июн 01, 2018 1:00:59 PM com.nva.rbuilder.utils.Assets logPrint
INFO: Get Bugs Data...[7/17]
июн 01, 2018 1:01:00 PM com.nva.rbuilder.utils.Assets logPrint
INFO: Get Bugs Data...[8/17]
июн 01, 2018 1:01:02 PM com.nva.rbuilder.utils.Assets logPrint
INFO: Get Bugs Data...[9/17]
июн 01, 2018 1:01:03 PM com.nva.rbuilder.utils.Assets logPrint
INFO: Get Bugs Data...[10/17]
июн 01, 2018 1:01:04 PM com.nva.rbuilder.utils.Assets logPrint
INFO: Get Bugs Data...[11/17]
июн 01, 2018 1:01:05 PM com.nva.rbuilder.utils.Assets logPrint
INFO: Get Bugs Data...[12/17]
июн 01, 2018 1:01:07 PM com.nva.rbuilder.utils.Assets logPrint
INFO: Get Bugs Data...[13/17]
июн 01, 2018 1:01:08 PM com.nva.rbuilder.utils.Assets logPrint
INFO: Get Bugs Data...[14/17]
июн 01, 2018 1:01:09 PM com.nva.rbuilder.utils.Assets logPrint
INFO: Get Bugs Data...[15/17]
июн 01, 2018 1:01:10 PM com.nva.rbuilder.utils.Assets logPrint
INFO: Get Bugs Data...[16/17]
июн 01, 2018 1:01:11 PM com.nva.rbuilder.utils.Assets logPrint
INFO: Get Bugs Data...[17/17]
июн 01, 2018 1:01:12 PM com.nva.rbuilder.utils.Assets logPrint
INFO: Get Bugs Data...Done!
июн 01, 2018 1:01:12 PM com.nva.rbuilder.utils.Assets logPrint
INFO: 

июн 01, 2018 1:01:12 PM com.nva.rbuilder.utils.Assets logPrint
INFO: ---------------------------
июн 01, 2018 1:01:12 PM com.nva.rbuilder.utils.Assets logPrint
INFO: GOX QueenCleopatra Report Building...
июн 01, 2018 1:01:12 PM com.nva.rbuilder.utils.Assets logPrint
INFO: ---------------------------
июн 01, 2018 1:01:12 PM com.nva.rbuilder.utils.Assets logPrint
INFO: Fonts Loading...
июн 01, 2018 1:01:12 PM com.nva.rbuilder.utils.Assets logPrint
INFO: Fonts Loading...Done!
июн 01, 2018 1:01:12 PM com.nva.rbuilder.utils.Assets logPrint
INFO: 

июн 01, 2018 1:01:12 PM com.nva.rbuilder.utils.Assets logPrint
INFO: Create Table...
июн 01, 2018 1:01:12 PM com.nva.rbuilder.utils.Assets logPrint
INFO: Done!
июн 01, 2018 1:01:12 PM com.nva.rbuilder.utils.Assets logPrint
INFO: File writing...
июн 01, 2018 1:01:12 PM com.nva.rbuilder.utils.Assets logPrint
INFO: File writing...Done!
июн 01, 2018 1:01:12 PM com.nva.rbuilder.utils.Assets logPrint
INFO: 

июн 01, 2018 1:01:12 PM com.nva.rbuilder.utils.Assets logPrint
INFO: ---------------------------
июн 01, 2018 1:01:12 PM com.nva.rbuilder.utils.Assets logPrint
INFO: REPORT COMPLETE!
июн 01, 2018 1:01:12 PM com.nva.rbuilder.utils.Assets logPrint
INFO: ---------------------------
июн 01, 2018 1:01:12 PM com.nva.rbuilder.utils.Assets logPrint
INFO: Closing phantom...
июн 01, 2018 1:01:13 PM com.nva.rbuilder.utils.Assets logPrint
INFO: Done!
июн 01, 2018 1:04:33 PM com.nva.rbuilder.utils.Assets logPrint
INFO: Starting PhantomJS...
июн 01, 2018 1:04:36 PM com.nva.rbuilder.utils.Assets logPrint
INFO: Starting PhantomJS...Done!
июн 01, 2018 1:04:36 PM com.nva.rbuilder.utils.Assets logPrint
INFO: 

июн 01, 2018 1:04:36 PM com.nva.rbuilder.utils.Assets logPrint
INFO: Login to server...
июн 01, 2018 1:04:38 PM com.nva.rbuilder.utils.Assets logPrint
INFO: Authorisation Done!
июн 01, 2018 1:04:40 PM com.nva.rbuilder.utils.Assets logPrint
INFO: Get Bugs Data...
июн 01, 2018 1:04:41 PM com.nva.rbuilder.utils.Assets logPrint
INFO: Get Bugs Data...Done!
июн 01, 2018 1:04:41 PM com.nva.rbuilder.utils.Assets logPrint
INFO: 

июн 01, 2018 1:04:41 PM com.nva.rbuilder.utils.Assets logPrint
INFO: ---------------------------
июн 01, 2018 1:04:41 PM com.nva.rbuilder.utils.Assets logPrint
INFO: SilverCoins Report Building...
июн 01, 2018 1:04:41 PM com.nva.rbuilder.utils.Assets logPrint
INFO: ---------------------------
июн 01, 2018 1:04:41 PM com.nva.rbuilder.utils.Assets logPrint
INFO: Fonts Loading...
июн 01, 2018 1:04:41 PM com.nva.rbuilder.utils.Assets logPrint
INFO: Fonts Loading...Done!
июн 01, 2018 1:04:41 PM com.nva.rbuilder.utils.Assets logPrint
INFO: 

июн 01, 2018 1:04:41 PM com.nva.rbuilder.utils.Assets logPrint
INFO: Create Table...
июн 01, 2018 1:04:41 PM com.nva.rbuilder.utils.Assets logPrint
INFO: Done!
июн 01, 2018 1:04:41 PM com.nva.rbuilder.utils.Assets logPrint
INFO: File writing...
июн 01, 2018 1:04:41 PM com.nva.rbuilder.utils.Assets logPrint
INFO: File writing...Done!
июн 01, 2018 1:04:41 PM com.nva.rbuilder.utils.Assets logPrint
INFO: 

июн 01, 2018 1:04:41 PM com.nva.rbuilder.utils.Assets logPrint
INFO: ---------------------------
июн 01, 2018 1:04:41 PM com.nva.rbuilder.utils.Assets logPrint
INFO: REPORT COMPLETE!
июн 01, 2018 1:04:41 PM com.nva.rbuilder.utils.Assets logPrint
INFO: ---------------------------
июн 01, 2018 1:04:41 PM com.nva.rbuilder.utils.Assets logPrint
INFO: Closing phantom...
июн 01, 2018 1:04:41 PM com.nva.rbuilder.utils.Assets logPrint
INFO: Done!
июн 01, 2018 1:04:45 PM com.nva.rbuilder.utils.Assets logPrint
INFO: Config Loading...
июн 01, 2018 1:04:45 PM com.nva.rbuilder.utils.Assets logPrint
INFO: Done!
июн 01, 2018 1:04:45 PM com.nva.rbuilder.utils.Assets logPrint
INFO: Starting PhantomJS...
июн 01, 2018 1:04:47 PM com.nva.rbuilder.utils.Assets logPrint
INFO: Starting PhantomJS...Done!
июн 01, 2018 1:04:47 PM com.nva.rbuilder.utils.Assets logPrint
INFO: 

июн 01, 2018 1:04:47 PM com.nva.rbuilder.utils.Assets logPrint
INFO: Login to server...
июн 01, 2018 1:04:49 PM com.nva.rbuilder.utils.Assets logPrint
INFO: Authorisation Done!
июн 01, 2018 1:04:51 PM com.nva.rbuilder.utils.Assets logPrint
INFO: Get Bugs Data...
июн 01, 2018 1:04:53 PM com.nva.rbuilder.utils.Assets logPrint
INFO: Get Bugs Data...[1/17]
июн 01, 2018 1:04:54 PM com.nva.rbuilder.utils.Assets logPrint
INFO: Get Bugs Data...[2/17]
июн 01, 2018 1:04:55 PM com.nva.rbuilder.utils.Assets logPrint
INFO: Get Bugs Data...[3/17]
июн 01, 2018 1:04:56 PM com.nva.rbuilder.utils.Assets logPrint
INFO: Get Bugs Data...[4/17]
июн 01, 2018 1:04:57 PM com.nva.rbuilder.utils.Assets logPrint
INFO: Get Bugs Data...[5/17]
июн 01, 2018 1:04:58 PM com.nva.rbuilder.utils.Assets logPrint
INFO: Get Bugs Data...[6/17]
июн 01, 2018 1:05:00 PM com.nva.rbuilder.utils.Assets logPrint
INFO: Get Bugs Data...[7/17]
июн 01, 2018 1:05:01 PM com.nva.rbuilder.utils.Assets logPrint
INFO: Get Bugs Data...[8/17]
июн 01, 2018 1:05:02 PM com.nva.rbuilder.utils.Assets logPrint
INFO: Get Bugs Data...[9/17]
июн 01, 2018 1:05:03 PM com.nva.rbuilder.utils.Assets logPrint
INFO: Get Bugs Data...[10/17]
июн 01, 2018 1:05:05 PM com.nva.rbuilder.utils.Assets logPrint
INFO: Get Bugs Data...[11/17]
июн 01, 2018 1:05:06 PM com.nva.rbuilder.utils.Assets logPrint
INFO: Get Bugs Data...[12/17]
июн 01, 2018 1:05:07 PM com.nva.rbuilder.utils.Assets logPrint
INFO: Get Bugs Data...[13/17]
июн 01, 2018 1:05:08 PM com.nva.rbuilder.utils.Assets logPrint
INFO: Get Bugs Data...[14/17]
июн 01, 2018 1:05:09 PM com.nva.rbuilder.utils.Assets logPrint
INFO: Get Bugs Data...[15/17]
июн 01, 2018 1:05:10 PM com.nva.rbuilder.utils.Assets logPrint
INFO: Get Bugs Data...[16/17]
июн 01, 2018 1:05:11 PM com.nva.rbuilder.utils.Assets logPrint
INFO: Get Bugs Data...[17/17]
июн 01, 2018 1:05:13 PM com.nva.rbuilder.utils.Assets logPrint
INFO: Get Bugs Data...Done!
июн 01, 2018 1:05:13 PM com.nva.rbuilder.utils.Assets logPrint
INFO: 

июн 01, 2018 1:05:13 PM com.nva.rbuilder.utils.Assets logPrint
INFO: ---------------------------
июн 01, 2018 1:05:13 PM com.nva.rbuilder.utils.Assets logPrint
INFO: GOX QueenCleopatra Report Building...
июн 01, 2018 1:05:13 PM com.nva.rbuilder.utils.Assets logPrint
INFO: ---------------------------
июн 01, 2018 1:05:13 PM com.nva.rbuilder.utils.Assets logPrint
INFO: Fonts Loading...
июн 01, 2018 1:05:13 PM com.nva.rbuilder.utils.Assets logPrint
INFO: Fonts Loading...Done!
июн 01, 2018 1:05:13 PM com.nva.rbuilder.utils.Assets logPrint
INFO: 

июн 01, 2018 1:05:13 PM com.nva.rbuilder.utils.Assets logPrint
INFO: Create Table...
июн 01, 2018 1:05:13 PM com.nva.rbuilder.utils.Assets logPrint
INFO: Done!
июн 01, 2018 1:05:13 PM com.nva.rbuilder.utils.Assets logPrint
INFO: File writing...
июн 01, 2018 1:05:13 PM com.nva.rbuilder.utils.Assets logPrint
INFO: File writing...Done!
июн 01, 2018 1:05:13 PM com.nva.rbuilder.utils.Assets logPrint
INFO: 

июн 01, 2018 1:05:13 PM com.nva.rbuilder.utils.Assets logPrint
INFO: ---------------------------
июн 01, 2018 1:05:13 PM com.nva.rbuilder.utils.Assets logPrint
INFO: REPORT COMPLETE!
июн 01, 2018 1:05:13 PM com.nva.rbuilder.utils.Assets logPrint
INFO: ---------------------------
июн 01, 2018 1:05:13 PM com.nva.rbuilder.utils.Assets logPrint
INFO: Closing phantom...
июн 01, 2018 1:05:13 PM com.nva.rbuilder.utils.Assets logPrint
INFO: Done!
июн 01, 2018 1:26:32 PM com.nva.rbuilder.utils.Assets logPrint
INFO: Starting PhantomJS...
июн 01, 2018 1:26:32 PM com.nva.rbuilder.utils.Assets logPrint
INFO: java.lang.IllegalStateException: The driver executable does not exist: D:\projects\ReportBuilderPenitration4000HD\DATA\phantomjs.exe
июн 01, 2018 1:26:32 PM com.nva.rbuilder.utils.Assets logPrint
INFO: Starting PhantomJS...Failed!
июн 01, 2018 1:26:32 PM com.nva.rbuilder.utils.Assets logPrint
INFO: 

июн 01, 2018 1:26:32 PM com.nva.rbuilder.utils.Assets logPrint
INFO: java.lang.NullPointerException
июн 01, 2018 1:26:32 PM com.nva.rbuilder.utils.Assets logPrint
INFO: UNKNOWN ERROR: Login to JIRA filed!
июн 01, 2018 1:26:32 PM com.nva.rbuilder.utils.Assets logPrint
INFO: Phantom already closed!
июн 01, 2018 1:26:32 PM com.nva.rbuilder.utils.Assets logPrint
INFO: ---------------------------
июн 01, 2018 1:26:32 PM com.nva.rbuilder.utils.Assets logPrint
INFO: SilverCoins Report Building...
июн 01, 2018 1:26:32 PM com.nva.rbuilder.utils.Assets logPrint
INFO: ---------------------------
июн 01, 2018 1:26:32 PM com.nva.rbuilder.utils.Assets logPrint
INFO: Fonts Loading...
июн 01, 2018 1:26:32 PM com.nva.rbuilder.utils.Assets logPrint
INFO: Fonts Loading...Done!
июн 01, 2018 1:26:32 PM com.nva.rbuilder.utils.Assets logPrint
INFO: 

июн 01, 2018 1:26:32 PM com.nva.rbuilder.utils.Assets logPrint
INFO: Create Table...
июн 01, 2018 1:26:32 PM com.nva.rbuilder.utils.Assets logPrint
INFO: Done!
июн 01, 2018 1:26:32 PM com.nva.rbuilder.utils.Assets logPrint
INFO: File writing...
июн 01, 2018 1:26:32 PM com.nva.rbuilder.utils.Assets logPrint
INFO: File writing...Done!
июн 01, 2018 1:26:32 PM com.nva.rbuilder.utils.Assets logPrint
INFO: 

июн 01, 2018 1:26:32 PM com.nva.rbuilder.utils.Assets logPrint
INFO: ---------------------------
июн 01, 2018 1:26:32 PM com.nva.rbuilder.utils.Assets logPrint
INFO: REPORT COMPLETE!
июн 01, 2018 1:26:32 PM com.nva.rbuilder.utils.Assets logPrint
INFO: ---------------------------
июн 01, 2018 1:26:32 PM com.nva.rbuilder.utils.Assets logPrint
INFO: Phantom already closed!
июн 01, 2018 1:28:48 PM com.nva.rbuilder.utils.Assets logPrint
INFO: Starting PhantomJS...
июн 01, 2018 1:28:48 PM com.nva.rbuilder.utils.Assets logPrint
INFO: java.lang.IllegalStateException: The driver executable does not exist: D:\projects\ReportBuilderPenitration4000HD\DATA\phantomjs.exe
июн 01, 2018 1:28:48 PM com.nva.rbuilder.utils.Assets logPrint
INFO: Starting PhantomJS...Failed!
июн 01, 2018 1:28:48 PM com.nva.rbuilder.utils.Assets logPrint
INFO: 

июн 01, 2018 1:29:04 PM com.nva.rbuilder.utils.Assets logPrint
INFO: Starting PhantomJS...
июн 01, 2018 1:29:04 PM com.nva.rbuilder.utils.Assets logPrint
INFO: java.lang.IllegalStateException: The driver executable does not exist: D:\projects\ReportBuilderPenitration4000HD\DATA\phantomjs.exe
июн 01, 2018 1:29:04 PM com.nva.rbuilder.utils.Assets logPrint
INFO: Starting PhantomJS...Failed!
июн 01, 2018 1:29:04 PM com.nva.rbuilder.utils.Assets logPrint
INFO: 

июн 01, 2018 1:29:47 PM com.nva.rbuilder.utils.Assets logPrint
INFO: Starting PhantomJS...
июн 01, 2018 1:29:47 PM com.nva.rbuilder.utils.Assets logPrint
INFO: java.lang.IllegalStateException: The driver executable does not exist: D:\projects\ReportBuilderPenitration4000HD\DATA\phantomjs.exe
июн 01, 2018 1:29:47 PM com.nva.rbuilder.utils.Assets logPrint
INFO: Starting PhantomJS...Failed!
июн 01, 2018 1:29:47 PM com.nva.rbuilder.utils.Assets logPrint
INFO: 

июн 01, 2018 1:29:47 PM com.nva.rbuilder.utils.Assets logPrint
INFO: java.lang.NullPointerException
июн 01, 2018 1:29:47 PM com.nva.rbuilder.utils.Assets logPrint
INFO: UNKNOWN ERROR: Login to JIRA filed!
июн 01, 2018 1:29:47 PM com.nva.rbuilder.utils.Assets logPrint
INFO: Phantom already closed!
июн 01, 2018 1:29:47 PM com.nva.rbuilder.utils.Assets logPrint
INFO: ---------------------------
июн 01, 2018 1:29:47 PM com.nva.rbuilder.utils.Assets logPrint
INFO: SilverCoins Report Building...
июн 01, 2018 1:29:47 PM com.nva.rbuilder.utils.Assets logPrint
INFO: ---------------------------
июн 01, 2018 1:29:47 PM com.nva.rbuilder.utils.Assets logPrint
INFO: Fonts Loading...
июн 01, 2018 1:29:47 PM com.nva.rbuilder.utils.Assets logPrint
INFO: Fonts Loading...Done!
июн 01, 2018 1:29:47 PM com.nva.rbuilder.utils.Assets logPrint
INFO: 

июн 01, 2018 1:29:47 PM com.nva.rbuilder.utils.Assets logPrint
INFO: Create Table...
июн 01, 2018 1:29:47 PM com.nva.rbuilder.utils.Assets logPrint
INFO: Done!
июн 01, 2018 1:29:47 PM com.nva.rbuilder.utils.Assets logPrint
INFO: File writing...
июн 01, 2018 1:29:47 PM com.nva.rbuilder.utils.Assets logPrint
INFO: File writing...Done!
июн 01, 2018 1:29:47 PM com.nva.rbuilder.utils.Assets logPrint
INFO: 

июн 01, 2018 1:29:47 PM com.nva.rbuilder.utils.Assets logPrint
INFO: ---------------------------
июн 01, 2018 1:29:47 PM com.nva.rbuilder.utils.Assets logPrint
INFO: REPORT COMPLETE!
июн 01, 2018 1:29:47 PM com.nva.rbuilder.utils.Assets logPrint
INFO: ---------------------------
июн 01, 2018 1:29:47 PM com.nva.rbuilder.utils.Assets logPrint
INFO: Phantom already closed!
июн 01, 2018 1:30:08 PM com.nva.rbuilder.utils.Assets logPrint
INFO: Starting PhantomJS...
июн 01, 2018 1:30:08 PM com.nva.rbuilder.utils.Assets logPrint
INFO: java.lang.IllegalStateException: The driver executable does not exist: D:\projects\ReportBuilderPenitration4000HD\DATA\phantomjs.exe
июн 01, 2018 1:30:08 PM com.nva.rbuilder.utils.Assets logPrint
INFO: Starting PhantomJS...Failed!
июн 01, 2018 1:30:08 PM com.nva.rbuilder.utils.Assets logPrint
INFO: 

июн 01, 2018 1:30:08 PM com.nva.rbuilder.utils.Assets logPrint
INFO: java.lang.NullPointerException
июн 01, 2018 1:30:08 PM com.nva.rbuilder.utils.Assets logPrint
INFO: UNKNOWN ERROR: Login to JIRA filed!
июн 01, 2018 1:30:08 PM com.nva.rbuilder.utils.Assets logPrint
INFO: Phantom already closed!
июн 01, 2018 1:30:08 PM com.nva.rbuilder.utils.Assets logPrint
INFO: ---------------------------
июн 01, 2018 1:30:08 PM com.nva.rbuilder.utils.Assets logPrint
INFO: SilverCoins Report Building...
июн 01, 2018 1:30:08 PM com.nva.rbuilder.utils.Assets logPrint
INFO: ---------------------------
июн 01, 2018 1:30:08 PM com.nva.rbuilder.utils.Assets logPrint
INFO: Fonts Loading...
июн 01, 2018 1:30:08 PM com.nva.rbuilder.utils.Assets logPrint
INFO: Fonts Loading...Done!
июн 01, 2018 1:30:08 PM com.nva.rbuilder.utils.Assets logPrint
INFO: 

июн 01, 2018 1:30:08 PM com.nva.rbuilder.utils.Assets logPrint
INFO: Create Table...
июн 01, 2018 1:30:08 PM com.nva.rbuilder.utils.Assets logPrint
INFO: Done!
июн 01, 2018 1:30:08 PM com.nva.rbuilder.utils.Assets logPrint
INFO: File writing...
июн 01, 2018 1:30:08 PM com.nva.rbuilder.utils.Assets logPrint
INFO: File writing...Done!
июн 01, 2018 1:30:08 PM com.nva.rbuilder.utils.Assets logPrint
INFO: 

июн 01, 2018 1:30:08 PM com.nva.rbuilder.utils.Assets logPrint
INFO: ---------------------------
июн 01, 2018 1:30:08 PM com.nva.rbuilder.utils.Assets logPrint
INFO: REPORT COMPLETE!
июн 01, 2018 1:30:08 PM com.nva.rbuilder.utils.Assets logPrint
INFO: ---------------------------
июн 01, 2018 1:30:08 PM com.nva.rbuilder.utils.Assets logPrint
INFO: Phantom already closed!
июн 01, 2018 1:32:21 PM com.nva.rbuilder.utils.Assets logPrint
INFO: Starting PhantomJS...
июн 01, 2018 1:32:21 PM com.nva.rbuilder.utils.Assets logPrint
INFO: java.lang.IllegalStateException: The driver executable does not exist: D:\projects\ReportBuilderPenitration4000HD\DATA\phantomjs.exe
июн 01, 2018 1:32:21 PM com.nva.rbuilder.utils.Assets logPrint
INFO: Starting PhantomJS...Failed!
июн 01, 2018 1:32:21 PM com.nva.rbuilder.utils.Assets logPrint
INFO: 

июн 01, 2018 1:32:21 PM com.nva.rbuilder.utils.Assets logPrint
INFO: java.lang.NullPointerException
июн 01, 2018 1:32:21 PM com.nva.rbuilder.utils.Assets logPrint
INFO: UNKNOWN ERROR: Login to JIRA filed!
июн 01, 2018 1:32:21 PM com.nva.rbuilder.utils.Assets logPrint
INFO: Phantom already closed!
июн 01, 2018 1:32:22 PM com.nva.rbuilder.utils.Assets logPrint
INFO: ---------------------------
июн 01, 2018 1:32:22 PM com.nva.rbuilder.utils.Assets logPrint
INFO: SilverCoins Report Building...
июн 01, 2018 1:32:22 PM com.nva.rbuilder.utils.Assets logPrint
INFO: ---------------------------
июн 01, 2018 1:32:22 PM com.nva.rbuilder.utils.Assets logPrint
INFO: Fonts Loading...
июн 01, 2018 1:32:22 PM com.nva.rbuilder.utils.Assets logPrint
INFO: Fonts Loading...Done!
июн 01, 2018 1:32:22 PM com.nva.rbuilder.utils.Assets logPrint
INFO: 

июн 01, 2018 1:32:22 PM com.nva.rbuilder.utils.Assets logPrint
INFO: Create Table...
июн 01, 2018 1:32:22 PM com.nva.rbuilder.utils.Assets logPrint
INFO: Done!
июн 01, 2018 1:32:22 PM com.nva.rbuilder.utils.Assets logPrint
INFO: File writing...
июн 01, 2018 1:32:22 PM com.nva.rbuilder.utils.Assets logPrint
INFO: File writing...Done!
июн 01, 2018 1:32:22 PM com.nva.rbuilder.utils.Assets logPrint
INFO: 

июн 01, 2018 1:32:22 PM com.nva.rbuilder.utils.Assets logPrint
INFO: ---------------------------
июн 01, 2018 1:32:22 PM com.nva.rbuilder.utils.Assets logPrint
INFO: REPORT COMPLETE!
июн 01, 2018 1:32:22 PM com.nva.rbuilder.utils.Assets logPrint
INFO: ---------------------------
июн 01, 2018 1:32:22 PM com.nva.rbuilder.utils.Assets logPrint
INFO: Phantom already closed!
июн 01, 2018 1:34:30 PM com.nva.rbuilder.utils.Assets logPrint
INFO: Starting PhantomJS...
июн 01, 2018 1:34:30 PM com.nva.rbuilder.utils.Assets logPrint
INFO: java.lang.IllegalStateException: The driver executable does not exist: D:\projects\ReportBuilderPenitration4000HD\DATA\phantomjs.exe
июн 01, 2018 1:34:30 PM com.nva.rbuilder.utils.Assets logPrint
INFO: Starting PhantomJS...Failed!
июн 01, 2018 1:34:30 PM com.nva.rbuilder.utils.Assets logPrint
INFO: 

июн 01, 2018 1:34:30 PM com.nva.rbuilder.utils.Assets logPrint
INFO: java.lang.NullPointerException
июн 01, 2018 1:34:30 PM com.nva.rbuilder.utils.Assets logPrint
INFO: UNKNOWN ERROR: Login to JIRA filed!
июн 01, 2018 1:34:30 PM com.nva.rbuilder.utils.Assets logPrint
INFO: Phantom already closed!
июн 01, 2018 1:34:30 PM com.nva.rbuilder.utils.Assets logPrint
INFO: ---------------------------
июн 01, 2018 1:34:30 PM com.nva.rbuilder.utils.Assets logPrint
INFO: GOX QueenCleopatra Report Building...
июн 01, 2018 1:34:30 PM com.nva.rbuilder.utils.Assets logPrint
INFO: ---------------------------
июн 01, 2018 1:34:30 PM com.nva.rbuilder.utils.Assets logPrint
INFO: Fonts Loading...
июн 01, 2018 1:34:30 PM com.nva.rbuilder.utils.Assets logPrint
INFO: Fonts Loading...Done!
июн 01, 2018 1:34:30 PM com.nva.rbuilder.utils.Assets logPrint
INFO: 

июн 01, 2018 1:34:30 PM com.nva.rbuilder.utils.Assets logPrint
INFO: Create Table...
июн 01, 2018 1:34:30 PM com.nva.rbuilder.utils.Assets logPrint
INFO: Done!
июн 01, 2018 1:34:30 PM com.nva.rbuilder.utils.Assets logPrint
INFO: File writing...
июн 01, 2018 1:34:30 PM com.nva.rbuilder.utils.Assets logPrint
INFO: File writing...Done!
июн 01, 2018 1:34:30 PM com.nva.rbuilder.utils.Assets logPrint
INFO: 

июн 01, 2018 1:34:30 PM com.nva.rbuilder.utils.Assets logPrint
INFO: ---------------------------
июн 01, 2018 1:34:30 PM com.nva.rbuilder.utils.Assets logPrint
INFO: REPORT COMPLETE!
июн 01, 2018 1:34:30 PM com.nva.rbuilder.utils.Assets logPrint
INFO: ---------------------------
июн 01, 2018 1:34:30 PM com.nva.rbuilder.utils.Assets logPrint
INFO: Phantom already closed!
июн 01, 2018 1:37:20 PM com.nva.rbuilder.utils.Assets logPrint
INFO: Starting PhantomJS...
июн 01, 2018 1:37:20 PM com.nva.rbuilder.utils.Assets logPrint
INFO: java.lang.IllegalStateException: The driver executable does not exist: D:\projects\ReportBuilderPenitration4000HD\DATA\phantomjs.exe
июн 01, 2018 1:37:20 PM com.nva.rbuilder.utils.Assets logPrint
INFO: Starting PhantomJS...Failed!
июн 01, 2018 1:37:20 PM com.nva.rbuilder.utils.Assets logPrint
INFO: 

июн 01, 2018 1:37:20 PM com.nva.rbuilder.utils.Assets logPrint
INFO: java.lang.NullPointerException
июн 01, 2018 1:37:20 PM com.nva.rbuilder.utils.Assets logPrint
INFO: UNKNOWN ERROR: Login to JIRA filed!
июн 01, 2018 1:37:20 PM com.nva.rbuilder.utils.Assets logPrint
INFO: Phantom already closed!
июн 01, 2018 1:37:20 PM com.nva.rbuilder.utils.Assets logPrint
INFO: ---------------------------
июн 01, 2018 1:37:20 PM com.nva.rbuilder.utils.Assets logPrint
INFO: GOX QueenCleopatra Report Building...
июн 01, 2018 1:37:20 PM com.nva.rbuilder.utils.Assets logPrint
INFO: ---------------------------
июн 01, 2018 1:37:20 PM com.nva.rbuilder.utils.Assets logPrint
INFO: Fonts Loading...
июн 01, 2018 1:37:20 PM com.nva.rbuilder.utils.Assets logPrint
INFO: Fonts Loading...Done!
июн 01, 2018 1:37:20 PM com.nva.rbuilder.utils.Assets logPrint
INFO: 

июн 01, 2018 1:37:20 PM com.nva.rbuilder.utils.Assets logPrint
INFO: Create Table...
июн 01, 2018 1:37:20 PM com.nva.rbuilder.utils.Assets logPrint
INFO: Done!
июн 01, 2018 1:37:20 PM com.nva.rbuilder.utils.Assets logPrint
INFO: File writing...
июн 01, 2018 1:37:20 PM com.nva.rbuilder.utils.Assets logPrint
INFO: File writing...Done!
июн 01, 2018 1:37:20 PM com.nva.rbuilder.utils.Assets logPrint
INFO: 

июн 01, 2018 1:37:20 PM com.nva.rbuilder.utils.Assets logPrint
INFO: ---------------------------
июн 01, 2018 1:37:20 PM com.nva.rbuilder.utils.Assets logPrint
INFO: REPORT COMPLETE!
июн 01, 2018 1:37:20 PM com.nva.rbuilder.utils.Assets logPrint
INFO: ---------------------------
июн 01, 2018 1:37:20 PM com.nva.rbuilder.utils.Assets logPrint
INFO: Phantom already closed!
июн 01, 2018 1:37:39 PM com.nva.rbuilder.utils.Assets logPrint
INFO: Starting PhantomJS...
июн 01, 2018 1:37:39 PM com.nva.rbuilder.utils.Assets logPrint
INFO: java.lang.IllegalStateException: The driver executable does not exist: D:\projects\ReportBuilderPenitration4000HD\DATA\phantomjs.exe
июн 01, 2018 1:37:39 PM com.nva.rbuilder.utils.Assets logPrint
INFO: Starting PhantomJS...Failed!
июн 01, 2018 1:37:39 PM com.nva.rbuilder.utils.Assets logPrint
INFO: 

июн 01, 2018 1:37:39 PM com.nva.rbuilder.utils.Assets logPrint
INFO: java.lang.NullPointerException
июн 01, 2018 1:37:39 PM com.nva.rbuilder.utils.Assets logPrint
INFO: UNKNOWN ERROR: Login to JIRA filed!
июн 01, 2018 1:37:39 PM com.nva.rbuilder.utils.Assets logPrint
INFO: Phantom already closed!
июн 01, 2018 1:37:39 PM com.nva.rbuilder.utils.Assets logPrint
INFO: ---------------------------
июн 01, 2018 1:37:39 PM com.nva.rbuilder.utils.Assets logPrint
INFO: GOX QueenCleopatra Report Building...
июн 01, 2018 1:37:39 PM com.nva.rbuilder.utils.Assets logPrint
INFO: ---------------------------
июн 01, 2018 1:37:39 PM com.nva.rbuilder.utils.Assets logPrint
INFO: Fonts Loading...
июн 01, 2018 1:37:39 PM com.nva.rbuilder.utils.Assets logPrint
INFO: Fonts Loading...Done!
июн 01, 2018 1:37:39 PM com.nva.rbuilder.utils.Assets logPrint
INFO: 

июн 01, 2018 1:37:39 PM com.nva.rbuilder.utils.Assets logPrint
INFO: Create Table...
июн 01, 2018 1:37:39 PM com.nva.rbuilder.utils.Assets logPrint
INFO: Done!
июн 01, 2018 1:37:39 PM com.nva.rbuilder.utils.Assets logPrint
INFO: File writing...
июн 01, 2018 1:37:39 PM com.nva.rbuilder.utils.Assets logPrint
INFO: File writing...Done!
июн 01, 2018 1:37:39 PM com.nva.rbuilder.utils.Assets logPrint
INFO: 

июн 01, 2018 1:37:39 PM com.nva.rbuilder.utils.Assets logPrint
INFO: ---------------------------
июн 01, 2018 1:37:39 PM com.nva.rbuilder.utils.Assets logPrint
INFO: REPORT COMPLETE!
июн 01, 2018 1:37:39 PM com.nva.rbuilder.utils.Assets logPrint
INFO: ---------------------------
июн 01, 2018 1:37:39 PM com.nva.rbuilder.utils.Assets logPrint
INFO: Phantom already closed!
сен 03, 2018 11:42:25 AM com.nva.rbuilder.utils.Assets logPrint
INFO: Starting PhantomJS...
сен 03, 2018 11:42:29 AM com.nva.rbuilder.utils.Assets logPrint
INFO: Starting PhantomJS...Done!
сен 03, 2018 11:42:29 AM com.nva.rbuilder.utils.Assets logPrint
INFO: 

сен 03, 2018 11:42:29 AM com.nva.rbuilder.utils.Assets logPrint
INFO: Login to server...
сен 03, 2018 11:42:36 AM com.nva.rbuilder.utils.Assets logPrint
INFO: Authorisation Done!
сен 03, 2018 11:42:38 AM com.nva.rbuilder.utils.Assets logPrint
INFO: Get Bugs Data...
сен 03, 2018 11:42:40 AM com.nva.rbuilder.utils.Assets logPrint
INFO: Get Bugs Data...[1/17]
сен 03, 2018 11:42:42 AM com.nva.rbuilder.utils.Assets logPrint
INFO: Get Bugs Data...[2/17]
сен 03, 2018 11:42:43 AM com.nva.rbuilder.utils.Assets logPrint
INFO: Get Bugs Data...[3/17]
сен 03, 2018 11:42:44 AM com.nva.rbuilder.utils.Assets logPrint
INFO: Get Bugs Data...[4/17]
сен 03, 2018 11:42:46 AM com.nva.rbuilder.utils.Assets logPrint
INFO: Get Bugs Data...[5/17]
сен 03, 2018 11:42:47 AM com.nva.rbuilder.utils.Assets logPrint
INFO: Get Bugs Data...[6/17]
сен 03, 2018 11:42:48 AM com.nva.rbuilder.utils.Assets logPrint
INFO: Get Bugs Data...[7/17]
сен 03, 2018 11:42:50 AM com.nva.rbuilder.utils.Assets logPrint
INFO: Get Bugs Data...[8/17]
сен 03, 2018 11:42:51 AM com.nva.rbuilder.utils.Assets logPrint
INFO: Get Bugs Data...[9/17]
сен 03, 2018 11:42:53 AM com.nva.rbuilder.utils.Assets logPrint
INFO: Get Bugs Data...[10/17]
сен 03, 2018 11:42:54 AM com.nva.rbuilder.utils.Assets logPrint
INFO: Get Bugs Data...[11/17]
сен 03, 2018 11:42:55 AM com.nva.rbuilder.utils.Assets logPrint
INFO: Get Bugs Data...[12/17]
сен 03, 2018 11:42:57 AM com.nva.rbuilder.utils.Assets logPrint
INFO: Get Bugs Data...[13/17]
сен 03, 2018 11:42:58 AM com.nva.rbuilder.utils.Assets logPrint
INFO: Get Bugs Data...[14/17]
сен 03, 2018 11:43:00 AM com.nva.rbuilder.utils.Assets logPrint
INFO: Get Bugs Data...[15/17]
сен 03, 2018 11:43:01 AM com.nva.rbuilder.utils.Assets logPrint
INFO: Get Bugs Data...[16/17]
сен 03, 2018 11:43:03 AM com.nva.rbuilder.utils.Assets logPrint
INFO: Get Bugs Data...[17/17]
сен 03, 2018 11:43:05 AM com.nva.rbuilder.utils.Assets logPrint
INFO: Get Bugs Data...Done!
сен 03, 2018 11:43:05 AM com.nva.rbuilder.utils.Assets logPrint
INFO: 

сен 03, 2018 11:43:07 AM com.nva.rbuilder.utils.Assets logPrint
INFO: ---------------------------
сен 03, 2018 11:43:07 AM com.nva.rbuilder.utils.Assets logPrint
INFO: GOX QueenCleopatra Report Building...
сен 03, 2018 11:43:07 AM com.nva.rbuilder.utils.Assets logPrint
INFO: ---------------------------
сен 03, 2018 11:43:07 AM com.nva.rbuilder.utils.Assets logPrint
INFO: Fonts Loading...
сен 03, 2018 11:43:07 AM com.nva.rbuilder.utils.Assets logPrint
INFO: Fonts Loading...Done!
сен 03, 2018 11:43:07 AM com.nva.rbuilder.utils.Assets logPrint
INFO: 

сен 03, 2018 11:43:08 AM com.nva.rbuilder.utils.Assets logPrint
INFO: Create Table...
сен 03, 2018 11:43:09 AM com.nva.rbuilder.utils.Assets logPrint
INFO: Done!
сен 03, 2018 11:43:09 AM com.nva.rbuilder.utils.Assets logPrint
INFO: File writing...
сен 03, 2018 11:43:09 AM com.nva.rbuilder.utils.Assets logPrint
INFO: File writing...Done!
сен 03, 2018 11:43:09 AM com.nva.rbuilder.utils.Assets logPrint
INFO: 

сен 03, 2018 11:43:09 AM com.nva.rbuilder.utils.Assets logPrint
INFO: ---------------------------
сен 03, 2018 11:43:09 AM com.nva.rbuilder.utils.Assets logPrint
INFO: REPORT COMPLETE!
сен 03, 2018 11:43:09 AM com.nva.rbuilder.utils.Assets logPrint
INFO: ---------------------------
сен 03, 2018 11:43:09 AM com.nva.rbuilder.utils.Assets logPrint
INFO: Closing phantom...
сен 03, 2018 11:43:11 AM com.nva.rbuilder.utils.Assets logPrint
INFO: Done!
ноя 02, 2018 5:39:13 PM com.nva.rbuilder.utils.Assets logPrint
INFO: Starting PhantomJS...
ноя 02, 2018 5:39:18 PM com.nva.rbuilder.utils.Assets logPrint
INFO: Starting PhantomJS...Done!
ноя 02, 2018 5:39:18 PM com.nva.rbuilder.utils.Assets logPrint
INFO: 

ноя 02, 2018 5:39:18 PM com.nva.rbuilder.utils.Assets logPrint
INFO: Login to server...
ноя 02, 2018 5:39:26 PM com.nva.rbuilder.utils.Assets logPrint
INFO: Authorisation Done!
ноя 02, 2018 5:39:33 PM com.nva.rbuilder.utils.Assets logPrint
INFO: Get Bugs Data...
ноя 02, 2018 5:39:36 PM com.nva.rbuilder.utils.Assets logPrint
INFO: Get Bugs Data...[1/17]
ноя 02, 2018 5:39:37 PM com.nva.rbuilder.utils.Assets logPrint
INFO: Get Bugs Data...[2/17]
ноя 02, 2018 5:39:39 PM com.nva.rbuilder.utils.Assets logPrint
INFO: Get Bugs Data...[3/17]
ноя 02, 2018 5:39:42 PM com.nva.rbuilder.utils.Assets logPrint
INFO: Get Bugs Data...[4/17]
ноя 02, 2018 5:39:44 PM com.nva.rbuilder.utils.Assets logPrint
INFO: Get Bugs Data...[5/17]
ноя 02, 2018 5:39:46 PM com.nva.rbuilder.utils.Assets logPrint
INFO: Get Bugs Data...[6/17]
ноя 02, 2018 5:39:48 PM com.nva.rbuilder.utils.Assets logPrint
INFO: Get Bugs Data...[7/17]
ноя 02, 2018 5:39:51 PM com.nva.rbuilder.utils.Assets logPrint
INFO: Get Bugs Data...[8/17]
ноя 02, 2018 5:39:53 PM com.nva.rbuilder.utils.Assets logPrint
INFO: Get Bugs Data...[9/17]
ноя 02, 2018 5:39:56 PM com.nva.rbuilder.utils.Assets logPrint
INFO: Get Bugs Data...[10/17]
ноя 02, 2018 5:39:58 PM com.nva.rbuilder.utils.Assets logPrint
INFO: Get Bugs Data...[11/17]
ноя 02, 2018 5:40:00 PM com.nva.rbuilder.utils.Assets logPrint
INFO: Get Bugs Data...[12/17]
ноя 02, 2018 5:40:03 PM com.nva.rbuilder.utils.Assets logPrint
INFO: Get Bugs Data...[13/17]
ноя 02, 2018 5:40:05 PM com.nva.rbuilder.utils.Assets logPrint
INFO: Get Bugs Data...[14/17]
ноя 02, 2018 5:40:07 PM com.nva.rbuilder.utils.Assets logPrint
INFO: Get Bugs Data...[15/17]
ноя 02, 2018 5:40:09 PM com.nva.rbuilder.utils.Assets logPrint
INFO: Get Bugs Data...[16/17]
ноя 02, 2018 5:40:11 PM com.nva.rbuilder.utils.Assets logPrint
INFO: Get Bugs Data...[17/17]
ноя 02, 2018 5:40:13 PM com.nva.rbuilder.utils.Assets logPrint
INFO: Get Bugs Data...Done!
ноя 02, 2018 5:40:13 PM com.nva.rbuilder.utils.Assets logPrint
INFO: 

ноя 02, 2018 5:40:14 PM com.nva.rbuilder.utils.Assets logPrint
INFO: ---------------------------
ноя 02, 2018 5:40:14 PM com.nva.rbuilder.utils.Assets logPrint
INFO: GOX QueenCleopatra Report Building...
ноя 02, 2018 5:40:14 PM com.nva.rbuilder.utils.Assets logPrint
INFO: ---------------------------
ноя 02, 2018 5:40:14 PM com.nva.rbuilder.utils.Assets logPrint
INFO: Fonts Loading...
ноя 02, 2018 5:40:14 PM com.nva.rbuilder.utils.Assets logPrint
INFO: Fonts Loading...Done!
ноя 02, 2018 5:40:14 PM com.nva.rbuilder.utils.Assets logPrint
INFO: 

ноя 02, 2018 5:40:14 PM com.nva.rbuilder.utils.Assets logPrint
INFO: Create Table...
ноя 02, 2018 5:40:14 PM com.nva.rbuilder.utils.Assets logPrint
INFO: Done!
ноя 02, 2018 5:40:14 PM com.nva.rbuilder.utils.Assets logPrint
INFO: File writing...
ноя 02, 2018 5:40:15 PM com.nva.rbuilder.utils.Assets logPrint
INFO: File writing...Done!
ноя 02, 2018 5:40:15 PM com.nva.rbuilder.utils.Assets logPrint
INFO: 

ноя 02, 2018 5:40:15 PM com.nva.rbuilder.utils.Assets logPrint
INFO: ---------------------------
ноя 02, 2018 5:40:15 PM com.nva.rbuilder.utils.Assets logPrint
INFO: REPORT COMPLETE!
ноя 02, 2018 5:40:15 PM com.nva.rbuilder.utils.Assets logPrint
INFO: ---------------------------
ноя 02, 2018 5:40:15 PM com.nva.rbuilder.utils.Assets logPrint
INFO: Closing phantom...
ноя 02, 2018 5:40:15 PM com.nva.rbuilder.utils.Assets logPrint
INFO: Done!
янв 11, 2019 9:47:26 AM com.nva.rbuilder.utils.Assets logPrint
INFO: Starting PhantomJS...
янв 11, 2019 9:47:31 AM com.nva.rbuilder.utils.Assets logPrint
INFO: Starting PhantomJS...Done!
янв 11, 2019 9:47:31 AM com.nva.rbuilder.utils.Assets logPrint
INFO: 

янв 11, 2019 9:47:31 AM com.nva.rbuilder.utils.Assets logPrint
INFO: Login to server...
янв 11, 2019 9:47:36 AM com.nva.rbuilder.utils.Assets logPrint
INFO: Authorisation Done!
янв 11, 2019 9:47:39 AM com.nva.rbuilder.utils.Assets logPrint
INFO: Get Bugs Data...
янв 11, 2019 9:47:41 AM com.nva.rbuilder.utils.Assets logPrint
INFO: Get Bugs Data...[1/17]
янв 11, 2019 9:47:44 AM com.nva.rbuilder.utils.Assets logPrint
INFO: Get Bugs Data...[2/17]
янв 11, 2019 9:47:46 AM com.nva.rbuilder.utils.Assets logPrint
INFO: Get Bugs Data...[3/17]
янв 11, 2019 9:47:48 AM com.nva.rbuilder.utils.Assets logPrint
INFO: Get Bugs Data...[4/17]
янв 11, 2019 9:47:50 AM com.nva.rbuilder.utils.Assets logPrint
INFO: Get Bugs Data...[5/17]
янв 11, 2019 9:47:52 AM com.nva.rbuilder.utils.Assets logPrint
INFO: Get Bugs Data...[6/17]
янв 11, 2019 9:47:54 AM com.nva.rbuilder.utils.Assets logPrint
INFO: Get Bugs Data...[7/17]
янв 11, 2019 9:47:56 AM com.nva.rbuilder.utils.Assets logPrint
INFO: Get Bugs Data...[8/17]
янв 11, 2019 9:47:58 AM com.nva.rbuilder.utils.Assets logPrint
INFO: Get Bugs Data...[9/17]
янв 11, 2019 9:48:01 AM com.nva.rbuilder.utils.Assets logPrint
INFO: Get Bugs Data...[10/17]
янв 11, 2019 9:48:03 AM com.nva.rbuilder.utils.Assets logPrint
INFO: Get Bugs Data...[11/17]
янв 11, 2019 9:48:05 AM com.nva.rbuilder.utils.Assets logPrint
INFO: Get Bugs Data...[12/17]
янв 11, 2019 9:48:07 AM com.nva.rbuilder.utils.Assets logPrint
INFO: Get Bugs Data...[13/17]
янв 11, 2019 9:48:09 AM com.nva.rbuilder.utils.Assets logPrint
INFO: Get Bugs Data...[14/17]
янв 11, 2019 9:48:11 AM com.nva.rbuilder.utils.Assets logPrint
INFO: Get Bugs Data...[15/17]
янв 11, 2019 9:48:13 AM com.nva.rbuilder.utils.Assets logPrint
INFO: Get Bugs Data...[16/17]
янв 11, 2019 9:48:15 AM com.nva.rbuilder.utils.Assets logPrint
INFO: Get Bugs Data...[17/17]
янв 11, 2019 9:48:18 AM com.nva.rbuilder.utils.Assets logPrint
INFO: Get Bugs Data...Done!
янв 11, 2019 9:48:18 AM com.nva.rbuilder.utils.Assets logPrint
INFO: 

янв 11, 2019 9:48:18 AM com.nva.rbuilder.utils.Assets logPrint
INFO: ---------------------------
янв 11, 2019 9:48:18 AM com.nva.rbuilder.utils.Assets logPrint
INFO: GOX QueenCleopatra Report Building...
янв 11, 2019 9:48:18 AM com.nva.rbuilder.utils.Assets logPrint
INFO: ---------------------------
янв 11, 2019 9:48:18 AM com.nva.rbuilder.utils.Assets logPrint
INFO: Fonts Loading...
янв 11, 2019 9:48:18 AM com.nva.rbuilder.utils.Assets logPrint
INFO: Fonts Loading...Done!
янв 11, 2019 9:48:18 AM com.nva.rbuilder.utils.Assets logPrint
INFO: 

янв 11, 2019 9:48:18 AM com.nva.rbuilder.utils.Assets logPrint
INFO: Create Table...
янв 11, 2019 9:48:19 AM com.nva.rbuilder.utils.Assets logPrint
INFO: Done!
янв 11, 2019 9:48:19 AM com.nva.rbuilder.utils.Assets logPrint
INFO: File writing...
янв 11, 2019 9:48:19 AM com.nva.rbuilder.utils.Assets logPrint
INFO: File writing...Done!
янв 11, 2019 9:48:19 AM com.nva.rbuilder.utils.Assets logPrint
INFO: 

янв 11, 2019 9:48:19 AM com.nva.rbuilder.utils.Assets logPrint
INFO: ---------------------------
янв 11, 2019 9:48:19 AM com.nva.rbuilder.utils.Assets logPrint
INFO: REPORT COMPLETE!
янв 11, 2019 9:48:19 AM com.nva.rbuilder.utils.Assets logPrint
INFO: ---------------------------
янв 11, 2019 9:48:19 AM com.nva.rbuilder.utils.Assets logPrint
INFO: Closing phantom...
янв 11, 2019 9:48:19 AM com.nva.rbuilder.utils.Assets logPrint
INFO: Done!
